This file contains any messages produced by compilers while
running configure, to aid debugging if configure makes a mistake.

It was created by configure, which was
generated by GNU Autoconf 2.61.  Invocation command line was

  $ ./configure --no-create --no-recursion

## --------- ##
## Platform. ##
## --------- ##

hostname = ubuntu-bionic
uname -m = x86_64
uname -r = 5.4.0-137-generic
uname -s = Linux
uname -v = #154-Ubuntu SMP Thu Jan 5 17:03:22 UTC 2023

/usr/bin/uname -p = unknown
/bin/uname -X     = unknown

/bin/arch              = unknown
/usr/bin/arch -k       = unknown
/usr/convex/getsysinfo = unknown
/usr/bin/hostinfo      = unknown
/bin/machine           = unknown
/usr/bin/oslevel       = unknown
/bin/universe          = unknown

PATH: /home/vagrant/.cargo/bin
PATH: /usr/local/sbin
PATH: /usr/local/bin
PATH: /usr/sbin
PATH: /usr/bin
PATH: /sbin
PATH: /bin
PATH: /usr/games
PATH: /usr/local/games
PATH: /snap/bin


## ----------- ##
## Core tests. ##
## ----------- ##

configure:1960: checking for a BSD-compatible install
configure:2016: result: /usr/bin/install -c
configure:2027: checking whether build environment is sane
configure:2070: result: yes
configure:2098: checking for a thread-safe mkdir -p
configure:2137: result: /bin/mkdir -p
configure:2150: checking for gawk
configure:2166: found /usr/bin/gawk
configure:2177: result: gawk
configure:2188: checking whether make sets $(MAKE)
configure:2209: result: yes
configure:2454: checking for gcc
configure:2470: found /usr/bin/gcc
configure:2481: result: gcc
configure:2719: checking for C compiler version
configure:2726: gcc --version >&5
gcc (Ubuntu 9.4.0-1ubuntu1~20.04.1) 9.4.0
Copyright (C) 2019 Free Software Foundation, Inc.
This is free software; see the source for copying conditions.  There is NO
warranty; not even for MERCHANTABILITY or FITNESS FOR A PARTICULAR PURPOSE.

configure:2729: $? = 0
configure:2736: gcc -v >&5
Using built-in specs.
COLLECT_GCC=gcc
COLLECT_LTO_WRAPPER=/usr/lib/gcc/x86_64-linux-gnu/9/lto-wrapper
OFFLOAD_TARGET_NAMES=nvptx-none:hsa
OFFLOAD_TARGET_DEFAULT=1
Target: x86_64-linux-gnu
Configured with: ../src/configure -v --with-pkgversion='Ubuntu 9.4.0-1ubuntu1~20.04.1' --with-bugurl=file:///usr/share/doc/gcc-9/README.Bugs --enable-languages=c,ada,c++,go,brig,d,fortran,objc,obj-c++,gm2 --prefix=/usr --with-gcc-major-version-only --program-suffix=-9 --program-prefix=x86_64-linux-gnu- --enable-shared --enable-linker-build-id --libexecdir=/usr/lib --without-included-gettext --enable-threads=posix --libdir=/usr/lib --enable-nls --enable-clocale=gnu --enable-libstdcxx-debug --enable-libstdcxx-time=yes --with-default-libstdcxx-abi=new --enable-gnu-unique-object --disable-vtable-verify --enable-plugin --enable-default-pie --with-system-zlib --with-target-system-zlib=auto --enable-objc-gc=auto --enable-multiarch --disable-werror --with-arch-32=i686 --with-abi=m64 --with-multilib-list=m32,m64,mx32 --enable-multilib --with-tune=generic --enable-offload-targets=nvptx-none=/build/gcc-9-Av3uEd/gcc-9-9.4.0/debian/tmp-nvptx/usr,hsa --without-cuda-driver --enable-checking=release --build=x86_64-linux-gnu --host=x86_64-linux-gnu --target=x86_64-linux-gnu
Thread model: posix
gcc version 9.4.0 (Ubuntu 9.4.0-1ubuntu1~20.04.1) 
configure:2739: $? = 0
configure:2746: gcc -V >&5
gcc: error: unrecognized command line option '-V'
gcc: fatal error: no input files
compilation terminated.
configure:2749: $? = 1
configure:2772: checking for C compiler default output file name
configure:2799: gcc    conftest.c  >&5
configure:2802: $? = 0
configure:2840: result: a.out
configure:2857: checking whether the C compiler works
configure:2867: ./a.out
configure:2870: $? = 0
configure:2887: result: yes
configure:2894: checking whether we are cross compiling
configure:2896: result: no
configure:2899: checking for suffix of executables
configure:2906: gcc -o conftest    conftest.c  >&5
configure:2909: $? = 0
configure:2933: result: 
configure:2939: checking for suffix of object files
configure:2965: gcc -c   conftest.c >&5
configure:2968: $? = 0
configure:2991: result: o
configure:2995: checking whether we are using the GNU C compiler
configure:3024: gcc -c   conftest.c >&5
configure:3030: $? = 0
configure:3047: result: yes
configure:3052: checking whether gcc accepts -g
configure:3082: gcc -c -g  conftest.c >&5
configure:3088: $? = 0
configure:3187: result: yes
configure:3204: checking for gcc option to accept ISO C89
configure:3278: gcc  -c -g -O2  conftest.c >&5
configure:3284: $? = 0
configure:3307: result: none needed
configure:3336: checking for style of include used by make
configure:3364: result: GNU
configure:3389: checking dependency style of gcc
configure:3480: result: gcc3
configure:3573: checking build system type
configure:3591: result: x86_64-unknown-linux-gnu
configure:3613: checking host system type
configure:3628: result: x86_64-unknown-linux-gnu
configure:3650: checking for a sed that does not truncate output
configure:3704: result: /bin/sed
configure:3707: checking for grep that handles long lines and -e
configure:3781: result: /bin/grep
configure:3786: checking for egrep
configure:3864: result: /bin/grep -E
configure:3880: checking for ld used by gcc
configure:3947: result: /usr/bin/ld
configure:3956: checking if the linker (/usr/bin/ld) is GNU ld
configure:3971: result: yes
configure:3976: checking for /usr/bin/ld option to reload object files
configure:3983: result: -r
configure:4001: checking for BSD-compatible nm
configure:4050: result: /usr/bin/nm -B
configure:4054: checking whether ln -s works
configure:4058: result: yes
configure:4065: checking how to recognise dependent libraries
configure:4241: result: pass_all
configure:4329: gcc -c -g -O2  conftest.c >&5
configure:4332: $? = 0
configure:4475: checking how to run the C preprocessor
configure:4515: gcc -E  conftest.c
configure:4521: $? = 0
configure:4552: gcc -E  conftest.c
conftest.c:10:10: fatal error: ac_nonexistent.h: No such file or directory
   10 | #include <ac_nonexistent.h>
      |          ^~~~~~~~~~~~~~~~~~
compilation terminated.
configure:4558: $? = 1
configure: failed program was:
| /* confdefs.h.  */
| #define PACKAGE_NAME ""
| #define PACKAGE_TARNAME ""
| #define PACKAGE_VERSION ""
| #define PACKAGE_STRING ""
| #define PACKAGE_BUGREPORT ""
| #define PACKAGE "robotfindskitten"
| #define VERSION "1.7320508.406"
| /* end confdefs.h.  */
| #include <ac_nonexistent.h>
configure:4591: result: gcc -E
configure:4620: gcc -E  conftest.c
configure:4626: $? = 0
configure:4657: gcc -E  conftest.c
conftest.c:10:10: fatal error: ac_nonexistent.h: No such file or directory
   10 | #include <ac_nonexistent.h>
      |          ^~~~~~~~~~~~~~~~~~
compilation terminated.
configure:4663: $? = 1
configure: failed program was:
| /* confdefs.h.  */
| #define PACKAGE_NAME ""
| #define PACKAGE_TARNAME ""
| #define PACKAGE_VERSION ""
| #define PACKAGE_STRING ""
| #define PACKAGE_BUGREPORT ""
| #define PACKAGE "robotfindskitten"
| #define VERSION "1.7320508.406"
| /* end confdefs.h.  */
| #include <ac_nonexistent.h>
configure:4701: checking for ANSI C header files
configure:4731: gcc -c -g -O2  conftest.c >&5
configure:4737: $? = 0
configure:4836: gcc -o conftest -g -O2   conftest.c  >&5
configure:4839: $? = 0
configure:4845: ./conftest
configure:4848: $? = 0
configure:4865: result: yes
configure:4889: checking for sys/types.h
configure:4910: gcc -c -g -O2  conftest.c >&5
configure:4916: $? = 0
configure:4932: result: yes
configure:4889: checking for sys/stat.h
configure:4910: gcc -c -g -O2  conftest.c >&5
configure:4916: $? = 0
configure:4932: result: yes
configure:4889: checking for stdlib.h
configure:4910: gcc -c -g -O2  conftest.c >&5
configure:4916: $? = 0
configure:4932: result: yes
configure:4889: checking for string.h
configure:4910: gcc -c -g -O2  conftest.c >&5
configure:4916: $? = 0
configure:4932: result: yes
configure:4889: checking for memory.h
configure:4910: gcc -c -g -O2  conftest.c >&5
configure:4916: $? = 0
configure:4932: result: yes
configure:4889: checking for strings.h
configure:4910: gcc -c -g -O2  conftest.c >&5
configure:4916: $? = 0
configure:4932: result: yes
configure:4889: checking for inttypes.h
configure:4910: gcc -c -g -O2  conftest.c >&5
configure:4916: $? = 0
configure:4932: result: yes
configure:4889: checking for stdint.h
configure:4910: gcc -c -g -O2  conftest.c >&5
configure:4916: $? = 0
configure:4932: result: yes
configure:4889: checking for unistd.h
configure:4910: gcc -c -g -O2  conftest.c >&5
configure:4916: $? = 0
configure:4932: result: yes
configure:4959: checking dlfcn.h usability
configure:4976: gcc -c -g -O2  conftest.c >&5
configure:4982: $? = 0
configure:4996: result: yes
configure:5000: checking dlfcn.h presence
configure:5015: gcc -E  conftest.c
configure:5021: $? = 0
configure:5035: result: yes
configure:5063: checking for dlfcn.h
configure:5071: result: yes
configure:5142: checking for g++
configure:5158: found /usr/bin/g++
configure:5169: result: g++
configure:5200: checking for C++ compiler version
configure:5207: g++ --version >&5
g++ (Ubuntu 9.4.0-1ubuntu1~20.04.1) 9.4.0
Copyright (C) 2019 Free Software Foundation, Inc.
This is free software; see the source for copying conditions.  There is NO
warranty; not even for MERCHANTABILITY or FITNESS FOR A PARTICULAR PURPOSE.

configure:5210: $? = 0
configure:5217: g++ -v >&5
Using built-in specs.
COLLECT_GCC=g++
COLLECT_LTO_WRAPPER=/usr/lib/gcc/x86_64-linux-gnu/9/lto-wrapper
OFFLOAD_TARGET_NAMES=nvptx-none:hsa
OFFLOAD_TARGET_DEFAULT=1
Target: x86_64-linux-gnu
Configured with: ../src/configure -v --with-pkgversion='Ubuntu 9.4.0-1ubuntu1~20.04.1' --with-bugurl=file:///usr/share/doc/gcc-9/README.Bugs --enable-languages=c,ada,c++,go,brig,d,fortran,objc,obj-c++,gm2 --prefix=/usr --with-gcc-major-version-only --program-suffix=-9 --program-prefix=x86_64-linux-gnu- --enable-shared --enable-linker-build-id --libexecdir=/usr/lib --without-included-gettext --enable-threads=posix --libdir=/usr/lib --enable-nls --enable-clocale=gnu --enable-libstdcxx-debug --enable-libstdcxx-time=yes --with-default-libstdcxx-abi=new --enable-gnu-unique-object --disable-vtable-verify --enable-plugin --enable-default-pie --with-system-zlib --with-target-system-zlib=auto --enable-objc-gc=auto --enable-multiarch --disable-werror --with-arch-32=i686 --with-abi=m64 --with-multilib-list=m32,m64,mx32 --enable-multilib --with-tune=generic --enable-offload-targets=nvptx-none=/build/gcc-9-Av3uEd/gcc-9-9.4.0/debian/tmp-nvptx/usr,hsa --without-cuda-driver --enable-checking=release --build=x86_64-linux-gnu --host=x86_64-linux-gnu --target=x86_64-linux-gnu
Thread model: posix
gcc version 9.4.0 (Ubuntu 9.4.0-1ubuntu1~20.04.1) 
configure:5220: $? = 0
configure:5227: g++ -V >&5
g++: error: unrecognized command line option '-V'
g++: fatal error: no input files
compilation terminated.
configure:5230: $? = 1
configure:5233: checking whether we are using the GNU C++ compiler
configure:5262: g++ -c   conftest.cpp >&5
configure:5268: $? = 0
configure:5285: result: yes
configure:5290: checking whether g++ accepts -g
configure:5320: g++ -c -g  conftest.cpp >&5
configure:5326: $? = 0
configure:5425: result: yes
configure:5450: checking dependency style of g++
configure:5541: result: gcc3
configure:5566: checking how to run the C++ preprocessor
configure:5602: g++ -E  conftest.cpp
configure:5608: $? = 0
configure:5639: g++ -E  conftest.cpp
conftest.cpp:21:10: fatal error: ac_nonexistent.h: No such file or directory
   21 | #include <ac_nonexistent.h>
      |          ^~~~~~~~~~~~~~~~~~
compilation terminated.
configure:5645: $? = 1
configure: failed program was:
| /* confdefs.h.  */
| #define PACKAGE_NAME ""
| #define PACKAGE_TARNAME ""
| #define PACKAGE_VERSION ""
| #define PACKAGE_STRING ""
| #define PACKAGE_BUGREPORT ""
| #define PACKAGE "robotfindskitten"
| #define VERSION "1.7320508.406"
| #define STDC_HEADERS 1
| #define HAVE_SYS_TYPES_H 1
| #define HAVE_SYS_STAT_H 1
| #define HAVE_STDLIB_H 1
| #define HAVE_STRING_H 1
| #define HAVE_MEMORY_H 1
| #define HAVE_STRINGS_H 1
| #define HAVE_INTTYPES_H 1
| #define HAVE_STDINT_H 1
| #define HAVE_UNISTD_H 1
| #define HAVE_DLFCN_H 1
| /* end confdefs.h.  */
| #include <ac_nonexistent.h>
configure:5678: result: g++ -E
configure:5707: g++ -E  conftest.cpp
configure:5713: $? = 0
configure:5744: g++ -E  conftest.cpp
conftest.cpp:21:10: fatal error: ac_nonexistent.h: No such file or directory
   21 | #include <ac_nonexistent.h>
      |          ^~~~~~~~~~~~~~~~~~
compilation terminated.
configure:5750: $? = 1
configure: failed program was:
| /* confdefs.h.  */
| #define PACKAGE_NAME ""
| #define PACKAGE_TARNAME ""
| #define PACKAGE_VERSION ""
| #define PACKAGE_STRING ""
| #define PACKAGE_BUGREPORT ""
| #define PACKAGE "robotfindskitten"
| #define VERSION "1.7320508.406"
| #define STDC_HEADERS 1
| #define HAVE_SYS_TYPES_H 1
| #define HAVE_SYS_STAT_H 1
| #define HAVE_STDLIB_H 1
| #define HAVE_STRING_H 1
| #define HAVE_MEMORY_H 1
| #define HAVE_STRINGS_H 1
| #define HAVE_INTTYPES_H 1
| #define HAVE_STDINT_H 1
| #define HAVE_UNISTD_H 1
| #define HAVE_DLFCN_H 1
| /* end confdefs.h.  */
| #include <ac_nonexistent.h>
configure:5843: checking for g77
configure:5873: result: no
configure:5843: checking for xlf
configure:5873: result: no
configure:5843: checking for f77
configure:5873: result: no
configure:5843: checking for frt
configure:5873: result: no
configure:5843: checking for pgf77
configure:5873: result: no
configure:5843: checking for cf77
configure:5873: result: no
configure:5843: checking for fort77
configure:5873: result: no
configure:5843: checking for fl32
configure:5873: result: no
configure:5843: checking for af77
configure:5873: result: no
configure:5843: checking for xlf90
configure:5873: result: no
configure:5843: checking for f90
configure:5873: result: no
configure:5843: checking for pgf90
configure:5873: result: no
configure:5843: checking for pghpf
configure:5873: result: no
configure:5843: checking for epcf90
configure:5873: result: no
configure:5843: checking for gfortran
configure:5873: result: no
configure:5843: checking for g95
configure:5873: result: no
configure:5843: checking for xlf95
configure:5873: result: no
configure:5843: checking for f95
configure:5873: result: no
configure:5843: checking for fort
configure:5873: result: no
configure:5843: checking for ifort
configure:5873: result: no
configure:5843: checking for ifc
configure:5873: result: no
configure:5843: checking for efc
configure:5873: result: no
configure:5843: checking for pgf95
configure:5873: result: no
configure:5843: checking for lf95
configure:5873: result: no
configure:5843: checking for ftn
configure:5873: result: no
configure:5900: checking for Fortran 77 compiler version
configure:5907:  --version >&5
./configure: line 5908: --version: command not found
configure:5910: $? = 127
configure:5917:  -v >&5
./configure: line 5918: -v: command not found
configure:5920: $? = 127
configure:5927:  -V >&5
./configure: line 5928: -V: command not found
configure:5930: $? = 127
configure:5938: checking whether we are using the GNU Fortran 77 compiler
configure:5957:  -c  conftest.F >&5
./configure: line 5958: -c: command not found
configure:5963: $? = 127
configure: failed program was:
|       program main
| #ifndef __GNUC__
|        choke me
| #endif
| 
|       end
configure:5980: result: no
configure:5986: checking whether  accepts -g
configure:6003:  -c -g conftest.f >&5
./configure: line 6004: -c: command not found
configure:6009: $? = 127
configure: failed program was:
|       program main
| 
|       end
configure:6025: result: no
configure:6055: checking the maximum length of command line arguments
configure:6164: result: 32768
configure:6175: checking command to parse /usr/bin/nm -B output from gcc object
configure:6280: gcc -c -g -O2  conftest.c >&5
configure:6283: $? = 0
configure:6287: /usr/bin/nm -B conftest.o \| sed -n -e 's/^.*[ 	]\([ABCDGIRSTW][ABCDGIRSTW]*\)[ 	][ 	]*\([_A-Za-z][_A-Za-z0-9]*\)$/\1 \2 \2/p' \> conftest.nm
configure:6290: $? = 0
configure:6342: gcc -o conftest -g -O2   conftest.c conftstm.o >&5
configure:6345: $? = 0
configure:6383: result: ok
configure:6387: checking for objdir
configure:6402: result: .libs
configure:6494: checking for ar
configure:6510: found /usr/bin/ar
configure:6521: result: ar
configure:6590: checking for ranlib
configure:6606: found /usr/bin/ranlib
configure:6617: result: ranlib
configure:6686: checking for strip
configure:6702: found /usr/bin/strip
configure:6713: result: strip
configure:6999: checking if gcc supports -fno-rtti -fno-exceptions
configure:7022: gcc -c -g -O2  -fno-rtti -fno-exceptions conftest.c >&5
cc1: warning: command line option '-fno-rtti' is valid for C++/D/ObjC++ but not for C
configure:7026: $? = 0
configure:7034: result: no
configure:7024: checking for gcc option to produce PIC
configure:7234: result: -fPIC
configure:7242: checking if gcc PIC flag -fPIC works
configure:7290: gcc -c -g -O2  -fPIC -DPIC conftest.c >&5
configure:7294: $? = 0
configure:7277: result: yes
configure:7276: checking if gcc static flag -static works
configure:7304: result: yes
configure:7314: checking if gcc supports -c -o file.o
configure:7394: gcc -c -g -O2  -o out/conftest2.o conftest.c >&5
configure:7398: $? = 0
configure:7337: result: yes
configure:7363: checking whether the gcc linker (/usr/bin/ld -m elf_x86_64) supports shared libraries
configure:8318: result: yes
configure:8339: checking whether -lc should be explicitly linked in
configure:8344: gcc -c -g -O2  conftest.c >&5
configure:8347: $? = 0
configure:8362: gcc -shared conftest.o  -v -Wl,-soname -Wl,conftest -o conftest 2\>\&1 \| grep  -lc  \>/dev/null 2\>\&1
configure:8365: $? = 0
configure:8377: result: no
configure:8385: checking dynamic linker characteristics
configure:8961: result: GNU/Linux ld.so
configure:8970: checking how to hardcode library paths into programs
configure:8995: result: immediate
configure:9009: checking whether stripping libraries is possible
configure:9014: result: yes
configure:9815: checking if libtool supports shared libraries
configure:9817: result: yes
configure:9820: checking whether to build shared libraries
configure:9841: result: yes
configure:9844: checking whether to build static libraries
configure:9848: result: yes
configure:9940: creating libtool
configure:10528: checking for ld used by g++
configure:10595: result: /usr/bin/ld -m elf_x86_64
configure:10604: checking if the linker (/usr/bin/ld -m elf_x86_64) is GNU ld
configure:10619: result: yes
configure:10670: checking whether the g++ linker (/usr/bin/ld -m elf_x86_64) supports shared libraries
configure:11604: result: yes
configure:11622: g++ -c -g -O2  conftest.cpp >&5
configure:11625: $? = 0
configure:11744: checking for g++ option to produce PIC
configure:12018: result: -fPIC
configure:12026: checking if g++ PIC flag -fPIC works
configure:12127: g++ -c -g -O2  -fPIC -DPIC conftest.cpp >&5
configure:12131: $? = 0
configure:12061: result: yes
configure:12089: checking if g++ static flag -static works
configure:12117: result: yes
configure:12127: checking if g++ supports -c -o file.o
configure:12231: g++ -c -g -O2  -o out/conftest2.o conftest.cpp >&5
configure:12235: $? = 0
configure:12174: result: yes
configure:12200: checking whether the g++ linker (/usr/bin/ld -m elf_x86_64) supports shared libraries
configure:12228: result: yes
configure:12295: checking dynamic linker characteristics
configure:12871: result: GNU/Linux ld.so
configure:12880: checking how to hardcode library paths into programs
configure:12905: result: immediate
configure:19036: checking for a BSD-compatible install
configure:19092: result: /usr/bin/install -c
configure:19105: checking for initscr in -lncurses
configure:19140: gcc -o conftest -g -O2   conftest.c -lncurses   >&5
configure:19146: $? = 0
configure:19164: result: yes
configure:19193: checking signal.h usability
configure:19210: gcc -c -g -O2  conftest.c >&5
configure:19216: $? = 0
configure:19230: result: yes
configure:19234: checking signal.h presence
configure:19249: gcc -E  conftest.c
configure:19255: $? = 0
configure:19269: result: yes
configure:19297: checking for signal.h
configure:19305: result: yes
configure:19333: checking ncurses.h usability
configure:19350: gcc -c -g -O2  conftest.c >&5
configure:19356: $? = 0
configure:19370: result: yes
configure:19374: checking ncurses.h presence
configure:19389: gcc -E  conftest.c
configure:19395: $? = 0
configure:19409: result: yes
configure:19437: checking for ncurses.h
configure:19445: result: yes
configure:19605: checking return type of signal handlers
configure:19633: gcc -c -g -O2  conftest.c >&5
conftest.c: In function 'main':
conftest.c:30:10: error: void value not ignored as it ought to be
   30 | return *(signal (0, 0)) (0) == 1;
      |         ~^~~~~~~~~~~~~~~~~~
configure:19639: $? = 1
configure: failed program was:
| /* confdefs.h.  */
| #define PACKAGE_NAME ""
| #define PACKAGE_TARNAME ""
| #define PACKAGE_VERSION ""
| #define PACKAGE_STRING ""
| #define PACKAGE_BUGREPORT ""
| #define PACKAGE "robotfindskitten"
| #define VERSION "1.7320508.406"
| #define STDC_HEADERS 1
| #define HAVE_SYS_TYPES_H 1
| #define HAVE_SYS_STAT_H 1
| #define HAVE_STDLIB_H 1
| #define HAVE_STRING_H 1
| #define HAVE_MEMORY_H 1
| #define HAVE_STRINGS_H 1
| #define HAVE_INTTYPES_H 1
| #define HAVE_STDINT_H 1
| #define HAVE_UNISTD_H 1
| #define HAVE_DLFCN_H 1
| #define HAVE_LIBNCURSES 1
| #define HAVE_SIGNAL_H 1
| #define HAVE_NCURSES_H 1
| /* end confdefs.h.  */
| #include <sys/types.h>
| #include <signal.h>
| 
| int
| main ()
| {
| return *(signal (0, 0)) (0) == 1;
|   ;
|   return 0;
| }
configure:19654: result: void
configure:19778: creating ./config.status

## ---------------- ##
## Cache variables. ##
## ---------------- ##

ac_cv_build=x86_64-unknown-linux-gnu
ac_cv_c_compiler_gnu=yes
ac_cv_cxx_compiler_gnu=yes
ac_cv_env_CCC_set=
ac_cv_env_CCC_value=
ac_cv_env_CC_set=
ac_cv_env_CC_value=
ac_cv_env_CFLAGS_set=
ac_cv_env_CFLAGS_value=
ac_cv_env_CPPFLAGS_set=
ac_cv_env_CPPFLAGS_value=
ac_cv_env_CPP_set=
ac_cv_env_CPP_value=
ac_cv_env_CXXCPP_set=
ac_cv_env_CXXCPP_value=
ac_cv_env_CXXFLAGS_set=
ac_cv_env_CXXFLAGS_value=
ac_cv_env_CXX_set=
ac_cv_env_CXX_value=
ac_cv_env_F77_set=
ac_cv_env_F77_value=
ac_cv_env_FFLAGS_set=
ac_cv_env_FFLAGS_value=
ac_cv_env_LDFLAGS_set=
ac_cv_env_LDFLAGS_value=
ac_cv_env_LIBS_set=
ac_cv_env_LIBS_value=
ac_cv_env_build_alias_set=
ac_cv_env_build_alias_value=
ac_cv_env_host_alias_set=
ac_cv_env_host_alias_value=
ac_cv_env_target_alias_set=
ac_cv_env_target_alias_value=
ac_cv_f77_compiler_gnu=no
ac_cv_header_dlfcn_h=yes
ac_cv_header_inttypes_h=yes
ac_cv_header_memory_h=yes
ac_cv_header_ncurses_h=yes
ac_cv_header_signal_h=yes
ac_cv_header_stdc=yes
ac_cv_header_stdint_h=yes
ac_cv_header_stdlib_h=yes
ac_cv_header_string_h=yes
ac_cv_header_strings_h=yes
ac_cv_header_sys_stat_h=yes
ac_cv_header_sys_types_h=yes
ac_cv_header_unistd_h=yes
ac_cv_host=x86_64-unknown-linux-gnu
ac_cv_lib_ncurses_initscr=yes
ac_cv_objext=o
ac_cv_path_EGREP='/bin/grep -E'
ac_cv_path_GREP=/bin/grep
ac_cv_path_install='/usr/bin/install -c'
ac_cv_path_mkdir=/bin/mkdir
ac_cv_prog_AWK=gawk
ac_cv_prog_CPP='gcc -E'
ac_cv_prog_CXXCPP='g++ -E'
ac_cv_prog_ac_ct_AR=ar
ac_cv_prog_ac_ct_CC=gcc
ac_cv_prog_ac_ct_CXX=g++
ac_cv_prog_ac_ct_RANLIB=ranlib
ac_cv_prog_ac_ct_STRIP=strip
ac_cv_prog_cc_c89=
ac_cv_prog_cc_g=yes
ac_cv_prog_cxx_g=yes
ac_cv_prog_f77_g=no
ac_cv_prog_make_make_set=yes
ac_cv_type_signal=void
am_cv_CC_dependencies_compiler_type=gcc3
am_cv_CXX_dependencies_compiler_type=gcc3
lt_cv_deplibs_check_method=pass_all
lt_cv_file_magic_cmd='$MAGIC_CMD'
lt_cv_file_magic_test_file=
lt_cv_ld_reload_flag=-r
lt_cv_objdir=.libs
lt_cv_path_LD=/usr/bin/ld
lt_cv_path_LDCXX='/usr/bin/ld -m elf_x86_64'
lt_cv_path_NM='/usr/bin/nm -B'
lt_cv_path_SED=/bin/sed
lt_cv_prog_compiler_c_o=yes
lt_cv_prog_compiler_c_o_CXX=yes
lt_cv_prog_compiler_rtti_exceptions=no
lt_cv_prog_gnu_ld=yes
lt_cv_prog_gnu_ldcxx=yes
lt_cv_sys_global_symbol_pipe='sed -n -e '\''s/^.*[ 	]\([ABCDGIRSTW][ABCDGIRSTW]*\)[ 	][ 	]*\([_A-Za-z][_A-Za-z0-9]*\)$/\1 \2 \2/p'\'''
lt_cv_sys_global_symbol_to_c_name_address='sed -n -e '\''s/^: \([^ ]*\) $/  {\"\1\", (lt_ptr) 0},/p'\'' -e '\''s/^[BCDEGRST] \([^ ]*\) \([^ ]*\)$/  {"\2", (lt_ptr) \&\2},/p'\'''
lt_cv_sys_global_symbol_to_cdecl='sed -n -e '\''s/^. .* \(.*\)$/extern int \1;/p'\'''
lt_cv_sys_max_cmd_len=32768
lt_lt_cv_prog_compiler_c_o='"yes"'
lt_lt_cv_prog_compiler_c_o_CXX='"yes"'
lt_lt_cv_sys_global_symbol_pipe='"sed -n -e '\''s/^.*[ 	]\\([ABCDGIRSTW][ABCDGIRSTW]*\\)[ 	][ 	]*\\([_A-Za-z][_A-Za-z0-9]*\\)\$/\\1 \\2 \\2/p'\''"'
lt_lt_cv_sys_global_symbol_to_c_name_address='"sed -n -e '\''s/^: \\([^ ]*\\) \$/  {\\\"\\1\\\", (lt_ptr) 0},/p'\'' -e '\''s/^[BCDEGRST] \\([^ ]*\\) \\([^ ]*\\)\$/  {\"\\2\", (lt_ptr) \\&\\2},/p'\''"'
lt_lt_cv_sys_global_symbol_to_cdecl='"sed -n -e '\''s/^. .* \\(.*\\)\$/extern int \\1;/p'\''"'

## ----------------- ##
## Output variables. ##
## ----------------- ##

ACLOCAL='${SHELL} /home/vagrant/orc-benchmark/robotfindskitten/missing --run aclocal-1.10'
AMDEPBACKSLASH='\'
AMDEP_FALSE='#'
AMDEP_TRUE=''
AMTAR='${SHELL} /home/vagrant/orc-benchmark/robotfindskitten/missing --run tar'
AR='ar'
AUTOCONF='${SHELL} /home/vagrant/orc-benchmark/robotfindskitten/missing --run autoconf'
AUTOHEADER='${SHELL} /home/vagrant/orc-benchmark/robotfindskitten/missing --run autoheader'
AUTOMAKE='${SHELL} /home/vagrant/orc-benchmark/robotfindskitten/missing --run automake-1.10'
AWK='gawk'
CC='gcc'
CCDEPMODE='depmode=gcc3'
CFLAGS='-g -O2'
CPP='gcc -E'
CPPFLAGS=''
CXX='g++'
CXXCPP='g++ -E'
CXXDEPMODE='depmode=gcc3'
CXXFLAGS='-g -O2'
CYGPATH_W='echo'
DEFS='-DHAVE_CONFIG_H'
DEPDIR='.deps'
ECHO='echo'
ECHO_C=''
ECHO_N='-n'
ECHO_T=''
EGREP='/bin/grep -E'
EXEEXT=''
F77=''
FFLAGS=''
GREP='/bin/grep'
INSTALL_DATA='${INSTALL} -m 644'
INSTALL_PROGRAM='${INSTALL}'
INSTALL_SCRIPT='${INSTALL}'
INSTALL_STRIP_PROGRAM='$(install_sh) -c -s'
LDFLAGS=''
LIBOBJS=''
LIBS='-lncurses '
LIBTOOL='$(SHELL) $(top_builddir)/libtool'
LN_S='ln -s'
LTLIBOBJS=''
MAKEINFO='${SHELL} /home/vagrant/orc-benchmark/robotfindskitten/missing --run makeinfo'
OBJEXT='o'
PACKAGE='robotfindskitten'
PACKAGE_BUGREPORT=''
PACKAGE_NAME=''
PACKAGE_STRING=''
PACKAGE_TARNAME=''
PACKAGE_VERSION=''
PATH_SEPARATOR=':'
RANLIB='ranlib'
SET_MAKE=''
SHELL='/bin/bash'
STRIP='strip'
VERSION='1.7320508.406'
ac_ct_CC='gcc'
ac_ct_CXX='g++'
ac_ct_F77=''
am__fastdepCC_FALSE='#'
am__fastdepCC_TRUE=''
am__fastdepCXX_FALSE='#'
am__fastdepCXX_TRUE=''
am__include='include'
am__isrc=''
am__leading_dot='.'
am__quote=''
am__tar='${AMTAR} chof - "$$tardir"'
am__untar='${AMTAR} xf -'
bindir='${exec_prefix}/bin'
build='x86_64-unknown-linux-gnu'
build_alias=''
build_cpu='x86_64'
build_os='linux-gnu'
build_vendor='unknown'
datadir='${datarootdir}'
datarootdir='${prefix}/share'
docdir='${datarootdir}/doc/${PACKAGE}'
dvidir='${docdir}'
exec_prefix='${prefix}'
host='x86_64-unknown-linux-gnu'
host_alias=''
host_cpu='x86_64'
host_os='linux-gnu'
host_vendor='unknown'
htmldir='${docdir}'
includedir='${prefix}/include'
infodir='${datarootdir}/info'
install_sh='$(SHELL) /home/vagrant/orc-benchmark/robotfindskitten/install-sh'
libdir='${exec_prefix}/lib'
libexecdir='${exec_prefix}/libexec'
localedir='${datarootdir}/locale'
localstatedir='${prefix}/var'
mandir='${datarootdir}/man'
mkdir_p='/bin/mkdir -p'
oldincludedir='/usr/include'
pdfdir='${docdir}'
prefix='/usr/local'
program_transform_name='s,x,x,'
psdir='${docdir}'
sbindir='${exec_prefix}/sbin'
sharedstatedir='${prefix}/com'
sysconfdir='${prefix}/etc'
target_alias=''

## ----------- ##
## confdefs.h. ##
## ----------- ##

#define PACKAGE_NAME ""
#define PACKAGE_TARNAME ""
#define PACKAGE_VERSION ""
#define PACKAGE_STRING ""
#define PACKAGE_BUGREPORT ""
#define PACKAGE "robotfindskitten"
#define VERSION "1.7320508.406"
#define STDC_HEADERS 1
#define HAVE_SYS_TYPES_H 1
#define HAVE_SYS_STAT_H 1
#define HAVE_STDLIB_H 1
#define HAVE_STRING_H 1
#define HAVE_MEMORY_H 1
#define HAVE_STRINGS_H 1
#define HAVE_INTTYPES_H 1
#define HAVE_STDINT_H 1
#define HAVE_UNISTD_H 1
#define HAVE_DLFCN_H 1
#define HAVE_LIBNCURSES 1
#define HAVE_SIGNAL_H 1
#define HAVE_NCURSES_H 1
#define RETSIGTYPE void

configure: exit 0

## ---------------------- ##
## Running config.status. ##
## ---------------------- ##

This file was extended by config.status, which was
generated by GNU Autoconf 2.61.  Invocation command line was

  CONFIG_FILES    = 
  CONFIG_HEADERS  = 
  CONFIG_LINKS    = 
  CONFIG_COMMANDS = 
  $ ./config.status 

on ubuntu-bionic

config.status:663: creating Makefile
config.status:663: creating src/Makefile
config.status:663: creating doc/Makefile
config.status:663: creating config.h
config.status:894: config.h is unchanged
config.status:940: executing depfiles commands

## ---------------------- ##
## Running config.status. ##
## ---------------------- ##

This file was extended by config.status, which was
generated by GNU Autoconf 2.61.  Invocation command line was

  CONFIG_FILES    = 
  CONFIG_HEADERS  = 
  CONFIG_LINKS    = 
  CONFIG_COMMANDS = 
  $ ./config.status config.h

on ubuntu-bionic

config.status:663: creating config.h
config.status:894: config.h is unchanged
