This file contains any messages produced by compilers while
running configure, to aid debugging if configure makes a mistake.

It was created by configure, which was
generated by GNU Autoconf 2.61.  Invocation command line was

  $ /Users/emre/lab/c2rust/examples/robotfindskitten/repo/configure 

## --------- ##
## Platform. ##
## --------- ##

hostname = wintermute
uname -m = x86_64
uname -r = 19.6.0
uname -s = Darwin
uname -v = Darwin Kernel Version 19.6.0: Mon Aug 31 22:12:52 PDT 2020; root:xnu-6153.141.2~1/RELEASE_X86_64

/usr/bin/uname -p = i386
/bin/uname -X     = unknown

/bin/arch              = unknown
/usr/bin/arch -k       = unknown
/usr/convex/getsysinfo = unknown
/usr/bin/hostinfo      = Mach kernel version:
	 Darwin Kernel Version 19.6.0: Mon Aug 31 22:12:52 PDT 2020; root:xnu-6153.141.2~1/RELEASE_X86_64
Kernel configured for up to 8 processors.
4 processors are physically available.
8 processors are logically available.
Processor type: x86_64h (Intel x86-64h Haswell)
Processors active: 0 1 2 3 4 5 6 7
Primary memory available: 16.00 gigabytes
Default processor set: 540 tasks, 2417 threads, 8 processors
Load average: 2.03, Mach factor: 5.96
/bin/machine           = unknown
/usr/bin/oslevel       = unknown
/bin/universe          = unknown

PATH: /Users/emre/.opam/default/bin
PATH: /usr/local/opt/gnu-sed/libexec/gnubin
PATH: /usr/local/opt/coreutils/libexec/gnubin
PATH: /Users/emre/.cargo/bin
PATH: /usr/local/bin
PATH: /usr/bin
PATH: /bin
PATH: /usr/sbin
PATH: /sbin
PATH: /Library/TeX/texbin


## ----------- ##
## Core tests. ##
## ----------- ##

configure:1965: checking for a BSD-compatible install
configure:2021: result: /usr/local/opt/coreutils/libexec/gnubin/install -c
configure:2032: checking whether build environment is sane
configure:2075: result: yes
configure:2103: checking for a thread-safe mkdir -p
configure:2142: result: /usr/local/opt/coreutils/libexec/gnubin/mkdir -p
configure:2155: checking for gawk
configure:2185: result: no
configure:2155: checking for mawk
configure:2185: result: no
configure:2155: checking for nawk
configure:2185: result: no
configure:2155: checking for awk
configure:2171: found /usr/bin/awk
configure:2182: result: awk
configure:2193: checking whether make sets $(MAKE)
configure:2214: result: yes
configure:2459: checking for gcc
configure:2475: found /usr/bin/gcc
configure:2486: result: gcc
configure:2724: checking for C compiler version
configure:2731: gcc --version >&5
Configured with: --prefix=/Library/Developer/CommandLineTools/usr --with-gxx-include-dir=/Library/Developer/CommandLineTools/SDKs/MacOSX.sdk/usr/include/c++/4.2.1
Apple clang version 11.0.3 (clang-1103.0.32.62)
Target: x86_64-apple-darwin19.6.0
Thread model: posix
InstalledDir: /Library/Developer/CommandLineTools/usr/bin
configure:2734: $? = 0
configure:2741: gcc -v >&5
Configured with: --prefix=/Library/Developer/CommandLineTools/usr --with-gxx-include-dir=/Library/Developer/CommandLineTools/SDKs/MacOSX.sdk/usr/include/c++/4.2.1
Apple clang version 11.0.3 (clang-1103.0.32.62)
Target: x86_64-apple-darwin19.6.0
Thread model: posix
InstalledDir: /Library/Developer/CommandLineTools/usr/bin
configure:2744: $? = 0
configure:2751: gcc -V >&5
clang: error: unsupported option '-V -Wno-objc-signed-char-bool-implicit-int-conversion'
clang: error: no input files
configure:2754: $? = 1
configure:2777: checking for C compiler default output file name
configure:2804: gcc    conftest.c  >&5
configure:2807: $? = 0
configure:2845: result: a.out
configure:2862: checking whether the C compiler works
configure:2872: ./a.out
configure:2875: $? = 0
configure:2892: result: yes
configure:2899: checking whether we are cross compiling
configure:2901: result: no
configure:2904: checking for suffix of executables
configure:2911: gcc -o conftest    conftest.c  >&5
configure:2914: $? = 0
configure:2938: result: 
configure:2944: checking for suffix of object files
configure:2970: gcc -c   conftest.c >&5
configure:2973: $? = 0
configure:2996: result: o
configure:3000: checking whether we are using the GNU C compiler
configure:3029: gcc -c   conftest.c >&5
configure:3035: $? = 0
configure:3052: result: yes
configure:3057: checking whether gcc accepts -g
configure:3087: gcc -c -g  conftest.c >&5
configure:3093: $? = 0
configure:3192: result: yes
configure:3209: checking for gcc option to accept ISO C89
configure:3283: gcc  -c -g -O2  conftest.c >&5
configure:3289: $? = 0
configure:3312: result: none needed
configure:3341: checking for style of include used by make
configure:3369: result: GNU
configure:3394: checking dependency style of gcc
configure:3485: result: gcc3
configure:3578: checking build system type
configure:3596: result: i386-apple-darwin19.6.0
configure:3618: checking host system type
configure:3633: result: i386-apple-darwin19.6.0
configure:3655: checking for a sed that does not truncate output
configure:3709: result: /usr/local/opt/gnu-sed/libexec/gnubin/sed
configure:3712: checking for grep that handles long lines and -e
configure:3786: result: /usr/bin/grep
configure:3791: checking for egrep
configure:3869: result: /usr/bin/grep -E
configure:3885: checking for ld used by gcc
configure:3952: result: /Library/Developer/CommandLineTools/usr/bin/ld
configure:3961: checking if the linker (/Library/Developer/CommandLineTools/usr/bin/ld) is GNU ld
configure:3976: result: no
configure:3981: checking for /Library/Developer/CommandLineTools/usr/bin/ld option to reload object files
configure:3988: result: -r
configure:4006: checking for BSD-compatible nm
configure:4055: result: /usr/bin/nm -B
configure:4059: checking whether ln -s works
configure:4063: result: yes
configure:4070: checking how to recognise dependent libraries
configure:4246: result: pass_all
configure:4480: checking how to run the C preprocessor
configure:4520: gcc -E  conftest.c
configure:4526: $? = 0
configure:4557: gcc -E  conftest.c
conftest.c:10:10: fatal error: 'ac_nonexistent.h' file not found
#include <ac_nonexistent.h>
         ^~~~~~~~~~~~~~~~~~
1 error generated.
configure:4563: $? = 1
configure: failed program was:
| /* confdefs.h.  */
| #define PACKAGE_NAME ""
| #define PACKAGE_TARNAME ""
| #define PACKAGE_VERSION ""
| #define PACKAGE_STRING ""
| #define PACKAGE_BUGREPORT ""
| #define PACKAGE "robotfindskitten"
| #define VERSION "1.7320508.406"
| /* end confdefs.h.  */
| #include <ac_nonexistent.h>
configure:4596: result: gcc -E
configure:4625: gcc -E  conftest.c
configure:4631: $? = 0
configure:4662: gcc -E  conftest.c
conftest.c:10:10: fatal error: 'ac_nonexistent.h' file not found
#include <ac_nonexistent.h>
         ^~~~~~~~~~~~~~~~~~
1 error generated.
configure:4668: $? = 1
configure: failed program was:
| /* confdefs.h.  */
| #define PACKAGE_NAME ""
| #define PACKAGE_TARNAME ""
| #define PACKAGE_VERSION ""
| #define PACKAGE_STRING ""
| #define PACKAGE_BUGREPORT ""
| #define PACKAGE "robotfindskitten"
| #define VERSION "1.7320508.406"
| /* end confdefs.h.  */
| #include <ac_nonexistent.h>
configure:4706: checking for ANSI C header files
configure:4736: gcc -c -g -O2  conftest.c >&5
configure:4742: $? = 0
configure:4841: gcc -o conftest -g -O2   conftest.c  >&5
configure:4844: $? = 0
configure:4850: ./conftest
configure:4853: $? = 0
configure:4870: result: yes
configure:4894: checking for sys/types.h
configure:4915: gcc -c -g -O2  conftest.c >&5
configure:4921: $? = 0
configure:4937: result: yes
configure:4894: checking for sys/stat.h
configure:4915: gcc -c -g -O2  conftest.c >&5
configure:4921: $? = 0
configure:4937: result: yes
configure:4894: checking for stdlib.h
configure:4915: gcc -c -g -O2  conftest.c >&5
configure:4921: $? = 0
configure:4937: result: yes
configure:4894: checking for string.h
configure:4915: gcc -c -g -O2  conftest.c >&5
configure:4921: $? = 0
configure:4937: result: yes
configure:4894: checking for memory.h
configure:4915: gcc -c -g -O2  conftest.c >&5
configure:4921: $? = 0
configure:4937: result: yes
configure:4894: checking for strings.h
configure:4915: gcc -c -g -O2  conftest.c >&5
configure:4921: $? = 0
configure:4937: result: yes
configure:4894: checking for inttypes.h
configure:4915: gcc -c -g -O2  conftest.c >&5
configure:4921: $? = 0
configure:4937: result: yes
configure:4894: checking for stdint.h
configure:4915: gcc -c -g -O2  conftest.c >&5
configure:4921: $? = 0
configure:4937: result: yes
configure:4894: checking for unistd.h
configure:4915: gcc -c -g -O2  conftest.c >&5
configure:4921: $? = 0
configure:4937: result: yes
configure:4964: checking dlfcn.h usability
configure:4981: gcc -c -g -O2  conftest.c >&5
configure:4987: $? = 0
configure:5001: result: yes
configure:5005: checking dlfcn.h presence
configure:5020: gcc -E  conftest.c
configure:5026: $? = 0
configure:5040: result: yes
configure:5068: checking for dlfcn.h
configure:5076: result: yes
configure:5147: checking for g++
configure:5163: found /usr/bin/g++
configure:5174: result: g++
configure:5205: checking for C++ compiler version
configure:5212: g++ --version >&5
Configured with: --prefix=/Library/Developer/CommandLineTools/usr --with-gxx-include-dir=/Library/Developer/CommandLineTools/SDKs/MacOSX.sdk/usr/include/c++/4.2.1
Apple clang version 11.0.3 (clang-1103.0.32.62)
Target: x86_64-apple-darwin19.6.0
Thread model: posix
InstalledDir: /Library/Developer/CommandLineTools/usr/bin
configure:5215: $? = 0
configure:5222: g++ -v >&5
Configured with: --prefix=/Library/Developer/CommandLineTools/usr --with-gxx-include-dir=/Library/Developer/CommandLineTools/SDKs/MacOSX.sdk/usr/include/c++/4.2.1
Apple clang version 11.0.3 (clang-1103.0.32.62)
Target: x86_64-apple-darwin19.6.0
Thread model: posix
InstalledDir: /Library/Developer/CommandLineTools/usr/bin
configure:5225: $? = 0
configure:5232: g++ -V >&5
clang: error: unsupported option '-V -Wno-objc-signed-char-bool-implicit-int-conversion'
clang: error: no input files
configure:5235: $? = 1
configure:5238: checking whether we are using the GNU C++ compiler
configure:5267: g++ -c   conftest.cpp >&5
configure:5273: $? = 0
configure:5290: result: yes
configure:5295: checking whether g++ accepts -g
configure:5325: g++ -c -g  conftest.cpp >&5
configure:5331: $? = 0
configure:5430: result: yes
configure:5455: checking dependency style of g++
configure:5546: result: gcc3
configure:5571: checking how to run the C++ preprocessor
configure:5607: g++ -E  conftest.cpp
configure:5613: $? = 0
configure:5644: g++ -E  conftest.cpp
conftest.cpp:21:10: fatal error: 'ac_nonexistent.h' file not found
#include <ac_nonexistent.h>
         ^~~~~~~~~~~~~~~~~~
1 error generated.
configure:5650: $? = 1
configure: failed program was:
| /* confdefs.h.  */
| #define PACKAGE_NAME ""
| #define PACKAGE_TARNAME ""
| #define PACKAGE_VERSION ""
| #define PACKAGE_STRING ""
| #define PACKAGE_BUGREPORT ""
| #define PACKAGE "robotfindskitten"
| #define VERSION "1.7320508.406"
| #define STDC_HEADERS 1
| #define HAVE_SYS_TYPES_H 1
| #define HAVE_SYS_STAT_H 1
| #define HAVE_STDLIB_H 1
| #define HAVE_STRING_H 1
| #define HAVE_MEMORY_H 1
| #define HAVE_STRINGS_H 1
| #define HAVE_INTTYPES_H 1
| #define HAVE_STDINT_H 1
| #define HAVE_UNISTD_H 1
| #define HAVE_DLFCN_H 1
| /* end confdefs.h.  */
| #include <ac_nonexistent.h>
configure:5683: result: g++ -E
configure:5712: g++ -E  conftest.cpp
configure:5718: $? = 0
configure:5749: g++ -E  conftest.cpp
conftest.cpp:21:10: fatal error: 'ac_nonexistent.h' file not found
#include <ac_nonexistent.h>
         ^~~~~~~~~~~~~~~~~~
1 error generated.
configure:5755: $? = 1
configure: failed program was:
| /* confdefs.h.  */
| #define PACKAGE_NAME ""
| #define PACKAGE_TARNAME ""
| #define PACKAGE_VERSION ""
| #define PACKAGE_STRING ""
| #define PACKAGE_BUGREPORT ""
| #define PACKAGE "robotfindskitten"
| #define VERSION "1.7320508.406"
| #define STDC_HEADERS 1
| #define HAVE_SYS_TYPES_H 1
| #define HAVE_SYS_STAT_H 1
| #define HAVE_STDLIB_H 1
| #define HAVE_STRING_H 1
| #define HAVE_MEMORY_H 1
| #define HAVE_STRINGS_H 1
| #define HAVE_INTTYPES_H 1
| #define HAVE_STDINT_H 1
| #define HAVE_UNISTD_H 1
| #define HAVE_DLFCN_H 1
| /* end confdefs.h.  */
| #include <ac_nonexistent.h>
configure:5848: checking for g77
configure:5878: result: no
configure:5848: checking for xlf
configure:5878: result: no
configure:5848: checking for f77
configure:5878: result: no
configure:5848: checking for frt
configure:5878: result: no
configure:5848: checking for pgf77
configure:5878: result: no
configure:5848: checking for cf77
configure:5878: result: no
configure:5848: checking for fort77
configure:5878: result: no
configure:5848: checking for fl32
configure:5878: result: no
configure:5848: checking for af77
configure:5878: result: no
configure:5848: checking for xlf90
configure:5878: result: no
configure:5848: checking for f90
configure:5878: result: no
configure:5848: checking for pgf90
configure:5878: result: no
configure:5848: checking for pghpf
configure:5878: result: no
configure:5848: checking for epcf90
configure:5878: result: no
configure:5848: checking for gfortran
configure:5864: found /usr/local/bin/gfortran
configure:5875: result: gfortran
configure:5905: checking for Fortran 77 compiler version
configure:5912: gfortran --version >&5
GNU Fortran (Homebrew GCC 10.2.0) 10.2.0
Copyright (C) 2020 Free Software Foundation, Inc.
This is free software; see the source for copying conditions.  There is NO
warranty; not even for MERCHANTABILITY or FITNESS FOR A PARTICULAR PURPOSE.

configure:5915: $? = 0
configure:5922: gfortran -v >&5
Using built-in specs.
COLLECT_GCC=gfortran
COLLECT_LTO_WRAPPER=/usr/local/Cellar/gcc/10.2.0/libexec/gcc/x86_64-apple-darwin19/10.2.0/lto-wrapper
Target: x86_64-apple-darwin19
Configured with: ../configure --build=x86_64-apple-darwin19 --prefix=/usr/local/Cellar/gcc/10.2.0 --libdir=/usr/local/Cellar/gcc/10.2.0/lib/gcc/10 --disable-nls --enable-checking=release --enable-languages=c,c++,objc,obj-c++,fortran --program-suffix=-10 --with-gmp=/usr/local/opt/gmp --with-mpfr=/usr/local/opt/mpfr --with-mpc=/usr/local/opt/libmpc --with-isl=/usr/local/opt/isl --with-system-zlib --with-pkgversion='Homebrew GCC 10.2.0' --with-bugurl=https://github.com/Homebrew/homebrew-core/issues --disable-multilib --with-native-system-header-dir=/usr/include --with-sysroot=/Library/Developer/CommandLineTools/SDKs/MacOSX10.15.sdk SED=/usr/bin/sed
Thread model: posix
Supported LTO compression algorithms: zlib
gcc version 10.2.0 (Homebrew GCC 10.2.0) 
configure:5925: $? = 0
configure:5932: gfortran -V >&5
gfortran: error: unrecognized command-line option '-V'
gfortran: fatal error: no input files
compilation terminated.
configure:5935: $? = 1
configure:5943: checking whether we are using the GNU Fortran 77 compiler
configure:5962: gfortran -c  conftest.F >&5
configure:5968: $? = 0
configure:5985: result: yes
configure:5991: checking whether gfortran accepts -g
configure:6008: gfortran -c -g conftest.f >&5
configure:6014: $? = 0
configure:6030: result: yes
configure:6060: checking the maximum length of command line arguments
configure:6169: result: 196608
configure:6180: checking command to parse /usr/bin/nm -B output from gcc object
configure:6285: gcc -c -g -O2  conftest.c >&5
configure:6288: $? = 0
configure:6292: /usr/bin/nm -B conftest.o \| sed -n -e 's/^.*[ 	]\([BCDEGRST][BCDEGRST]*\)[ 	][ 	]*\([_A-Za-z][_A-Za-z0-9]*\)$/\1 \2 \2/p' \> conftest.nm
configure:6295: $? = 0
cannot find nm_test_var in conftest.nm
configure:6285: gcc -c -g -O2  conftest.c >&5
configure:6288: $? = 0
configure:6292: /usr/bin/nm -B conftest.o \| sed -n -e 's/^.*[ 	]\([BCDEGRST][BCDEGRST]*\)[ 	][ 	]*_\([_A-Za-z][_A-Za-z0-9]*\)$/\1 _\2 \2/p' \> conftest.nm
configure:6295: $? = 0
configure:6347: gcc -o conftest -g -O2   conftest.c conftstm.o >&5
warning: (x86_64)  could not find object file symbol for symbol _main
configure:6350: $? = 0
configure:6388: result: ok
configure:6392: checking for objdir
configure:6407: result: .libs
configure:6499: checking for ar
configure:6515: found /usr/bin/ar
configure:6526: result: ar
configure:6595: checking for ranlib
configure:6611: found /usr/bin/ranlib
configure:6622: result: ranlib
configure:6691: checking for strip
configure:6707: found /usr/bin/strip
configure:6718: result: strip
configure:7004: checking if gcc supports -fno-rtti -fno-exceptions
configure:7022: gcc -c -g -O2  -fno-rtti -fno-exceptions conftest.c >&5
configure:7026: $? = 0
configure:7039: result: yes
configure:7054: checking for gcc option to produce PIC
configure:7264: result: -fno-common
configure:7272: checking if gcc PIC flag -fno-common works
configure:7290: gcc -c -g -O2  -fno-common -DPIC conftest.c >&5
configure:7294: $? = 0
configure:7307: result: yes
configure:7335: checking if gcc static flag -static works
configure:7363: result: no
configure:7373: checking if gcc supports -c -o file.o
configure:7394: gcc -c -g -O2  -o out/conftest2.o conftest.c >&5
configure:7398: $? = 0
configure:7420: result: yes
configure:7446: checking whether the gcc linker (/Library/Developer/CommandLineTools/usr/bin/ld) supports shared libraries
configure:8401: result: yes
configure:8468: checking dynamic linker characteristics
configure:9044: result: darwin19.6.0 dyld
configure:9053: checking how to hardcode library paths into programs
configure:9078: result: immediate
configure:9092: checking whether stripping libraries is possible
configure:9105: result: yes
configure:9898: checking if libtool supports shared libraries
configure:9900: result: yes
configure:9903: checking whether to build shared libraries
configure:9924: result: yes
configure:9927: checking whether to build static libraries
configure:9931: result: yes
configure:10023: creating libtool
configure:10611: checking for ld used by g++
configure:10678: result: /Library/Developer/CommandLineTools/usr/bin/ld
configure:10687: checking if the linker (/Library/Developer/CommandLineTools/usr/bin/ld) is GNU ld
configure:10702: result: no
configure:10753: checking whether the g++ linker (/Library/Developer/CommandLineTools/usr/bin/ld) supports shared libraries
configure:11687: result: yes
configure:11705: g++ -c -g -O2  conftest.cpp >&5
configure:11708: $? = 0
configure:11827: checking for g++ option to produce PIC
configure:12101: result: -fno-common
configure:12109: checking if g++ PIC flag -fno-common works
configure:12127: g++ -c -g -O2  -fno-common -DPIC conftest.cpp >&5
configure:12131: $? = 0
configure:12144: result: yes
configure:12172: checking if g++ static flag -static works
configure:12200: result: no
configure:12210: checking if g++ supports -c -o file.o
configure:12231: g++ -c -g -O2  -o out/conftest2.o conftest.cpp >&5
configure:12235: $? = 0
configure:12257: result: yes
configure:12283: checking whether the g++ linker (/Library/Developer/CommandLineTools/usr/bin/ld) supports shared libraries
configure:12311: result: yes
configure:12378: checking dynamic linker characteristics
configure:12954: result: darwin19.6.0 dyld
configure:12963: checking how to hardcode library paths into programs
configure:12988: result: immediate
configure:13514: checking if libtool supports shared libraries
configure:13516: result: yes
configure:13519: checking whether to build shared libraries
configure:13539: result: yes
configure:13542: checking whether to build static libraries
configure:13546: result: yes
configure:13556: checking for gfortran option to produce PIC
configure:13766: result: -fno-common
configure:13774: checking if gfortran PIC flag -fno-common works
configure:13792: gfortran -c -g -O2 -fno-common conftest.f >&5
configure:13796: $? = 0
configure:13809: result: yes
configure:13837: checking if gfortran static flag -static works
configure:13865: result: no
configure:13875: checking if gfortran supports -c -o file.o
configure:13896: gfortran -c -g -O2 -o out/conftest2.o conftest.f >&5
configure:13900: $? = 0
configure:13922: result: yes
configure:13948: checking whether the gfortran linker (/Library/Developer/CommandLineTools/usr/bin/ld) supports shared libraries
configure:14883: result: yes
configure:14950: checking dynamic linker characteristics
configure:15526: result: darwin19.6.0 dyld
configure:15535: checking how to hardcode library paths into programs
configure:15560: result: immediate
configure:19119: checking for a BSD-compatible install
configure:19175: result: /usr/local/opt/coreutils/libexec/gnubin/install -c
configure:19188: checking for initscr in -lncurses
configure:19223: gcc -o conftest -g -O2   conftest.c -lncurses   >&5
configure:19229: $? = 0
configure:19247: result: yes
configure:19276: checking signal.h usability
configure:19293: gcc -c -g -O2  conftest.c >&5
configure:19299: $? = 0
configure:19313: result: yes
configure:19317: checking signal.h presence
configure:19332: gcc -E  conftest.c
configure:19338: $? = 0
configure:19352: result: yes
configure:19380: checking for signal.h
configure:19388: result: yes
configure:19416: checking ncurses.h usability
configure:19433: gcc -c -g -O2  conftest.c >&5
configure:19439: $? = 0
configure:19453: result: yes
configure:19457: checking ncurses.h presence
configure:19472: gcc -E  conftest.c
configure:19478: $? = 0
configure:19492: result: yes
configure:19520: checking for ncurses.h
configure:19528: result: yes
configure:19688: checking return type of signal handlers
configure:19716: gcc -c -g -O2  conftest.c >&5
conftest.c:30:8: error: indirection requires pointer operand ('void' invalid)
return *(signal (0, 0)) (0) == 1;
       ^~~~~~~~~~~~~~~~~~~~
1 error generated.
configure:19722: $? = 1
configure: failed program was:
| /* confdefs.h.  */
| #define PACKAGE_NAME ""
| #define PACKAGE_TARNAME ""
| #define PACKAGE_VERSION ""
| #define PACKAGE_STRING ""
| #define PACKAGE_BUGREPORT ""
| #define PACKAGE "robotfindskitten"
| #define VERSION "1.7320508.406"
| #define STDC_HEADERS 1
| #define HAVE_SYS_TYPES_H 1
| #define HAVE_SYS_STAT_H 1
| #define HAVE_STDLIB_H 1
| #define HAVE_STRING_H 1
| #define HAVE_MEMORY_H 1
| #define HAVE_STRINGS_H 1
| #define HAVE_INTTYPES_H 1
| #define HAVE_STDINT_H 1
| #define HAVE_UNISTD_H 1
| #define HAVE_DLFCN_H 1
| #define HAVE_LIBNCURSES 1
| #define HAVE_SIGNAL_H 1
| #define HAVE_NCURSES_H 1
| /* end confdefs.h.  */
| #include <sys/types.h>
| #include <signal.h>
| 
| int
| main ()
| {
| return *(signal (0, 0)) (0) == 1;
|   ;
|   return 0;
| }
configure:19737: result: void
configure:19869: creating ./config.status

## ---------------------- ##
## Running config.status. ##
## ---------------------- ##

This file was extended by config.status, which was
generated by GNU Autoconf 2.61.  Invocation command line was

  CONFIG_FILES    = 
  CONFIG_HEADERS  = 
  CONFIG_LINKS    = 
  CONFIG_COMMANDS = 
  $ ./config.status 

on wintermute

config.status:663: creating Makefile
config.status:663: creating src/Makefile
config.status:663: creating doc/Makefile
config.status:663: creating config.h
config.status:894: config.h is unchanged
config.status:940: executing depfiles commands

## ---------------- ##
## Cache variables. ##
## ---------------- ##

ac_cv_build=i386-apple-darwin19.6.0
ac_cv_c_compiler_gnu=yes
ac_cv_cxx_compiler_gnu=yes
ac_cv_env_CCC_set=
ac_cv_env_CCC_value=
ac_cv_env_CC_set=
ac_cv_env_CC_value=
ac_cv_env_CFLAGS_set=
ac_cv_env_CFLAGS_value=
ac_cv_env_CPPFLAGS_set=
ac_cv_env_CPPFLAGS_value=
ac_cv_env_CPP_set=
ac_cv_env_CPP_value=
ac_cv_env_CXXCPP_set=
ac_cv_env_CXXCPP_value=
ac_cv_env_CXXFLAGS_set=
ac_cv_env_CXXFLAGS_value=
ac_cv_env_CXX_set=
ac_cv_env_CXX_value=
ac_cv_env_F77_set=
ac_cv_env_F77_value=
ac_cv_env_FFLAGS_set=
ac_cv_env_FFLAGS_value=
ac_cv_env_LDFLAGS_set=
ac_cv_env_LDFLAGS_value=
ac_cv_env_LIBS_set=
ac_cv_env_LIBS_value=
ac_cv_env_build_alias_set=
ac_cv_env_build_alias_value=
ac_cv_env_host_alias_set=
ac_cv_env_host_alias_value=
ac_cv_env_target_alias_set=
ac_cv_env_target_alias_value=
ac_cv_f77_compiler_gnu=yes
ac_cv_header_dlfcn_h=yes
ac_cv_header_inttypes_h=yes
ac_cv_header_memory_h=yes
ac_cv_header_ncurses_h=yes
ac_cv_header_signal_h=yes
ac_cv_header_stdc=yes
ac_cv_header_stdint_h=yes
ac_cv_header_stdlib_h=yes
ac_cv_header_string_h=yes
ac_cv_header_strings_h=yes
ac_cv_header_sys_stat_h=yes
ac_cv_header_sys_types_h=yes
ac_cv_header_unistd_h=yes
ac_cv_host=i386-apple-darwin19.6.0
ac_cv_lib_ncurses_initscr=yes
ac_cv_objext=o
ac_cv_path_EGREP='/usr/bin/grep -E'
ac_cv_path_GREP=/usr/bin/grep
ac_cv_path_install='/usr/local/opt/coreutils/libexec/gnubin/install -c'
ac_cv_path_mkdir=/usr/local/opt/coreutils/libexec/gnubin/mkdir
ac_cv_prog_AWK=awk
ac_cv_prog_CPP='gcc -E'
ac_cv_prog_CXXCPP='g++ -E'
ac_cv_prog_ac_ct_AR=ar
ac_cv_prog_ac_ct_CC=gcc
ac_cv_prog_ac_ct_CXX=g++
ac_cv_prog_ac_ct_F77=gfortran
ac_cv_prog_ac_ct_RANLIB=ranlib
ac_cv_prog_ac_ct_STRIP=strip
ac_cv_prog_cc_c89=
ac_cv_prog_cc_g=yes
ac_cv_prog_cxx_g=yes
ac_cv_prog_f77_g=yes
ac_cv_prog_make_make_set=yes
ac_cv_type_signal=void
am_cv_CC_dependencies_compiler_type=gcc3
am_cv_CXX_dependencies_compiler_type=gcc3
lt_cv_deplibs_check_method=pass_all
lt_cv_file_magic_cmd='$MAGIC_CMD'
lt_cv_file_magic_test_file=
lt_cv_ld_reload_flag=-r
lt_cv_objdir=.libs
lt_cv_path_LD=/Library/Developer/CommandLineTools/usr/bin/ld
lt_cv_path_LDCXX=/Library/Developer/CommandLineTools/usr/bin/ld
lt_cv_path_NM='/usr/bin/nm -B'
lt_cv_path_SED=/usr/local/opt/gnu-sed/libexec/gnubin/sed
lt_cv_prog_compiler_c_o=yes
lt_cv_prog_compiler_c_o_CXX=yes
lt_cv_prog_compiler_c_o_F77=yes
lt_cv_prog_compiler_rtti_exceptions=yes
lt_cv_prog_gnu_ld=no
lt_cv_prog_gnu_ldcxx=no
lt_cv_sys_global_symbol_pipe='sed -n -e '\''s/^.*[ 	]\([BCDEGRST][BCDEGRST]*\)[ 	][ 	]*_\([_A-Za-z][_A-Za-z0-9]*\)$/\1 _\2 \2/p'\'''
lt_cv_sys_global_symbol_to_c_name_address='sed -n -e '\''s/^: \([^ ]*\) $/  {\"\1\", (lt_ptr) 0},/p'\'' -e '\''s/^[BCDEGRST] \([^ ]*\) \([^ ]*\)$/  {"\2", (lt_ptr) \&\2},/p'\'''
lt_cv_sys_global_symbol_to_cdecl='sed -n -e '\''s/^. .* \(.*\)$/extern int \1;/p'\'''
lt_cv_sys_max_cmd_len=196608
lt_lt_cv_prog_compiler_c_o='"yes"'
lt_lt_cv_prog_compiler_c_o_CXX='"yes"'
lt_lt_cv_prog_compiler_c_o_F77='"yes"'
lt_lt_cv_sys_global_symbol_pipe='"sed -n -e '\''s/^.*[ 	]\\([BCDEGRST][BCDEGRST]*\\)[ 	][ 	]*_\\([_A-Za-z][_A-Za-z0-9]*\\)\$/\\1 _\\2 \\2/p'\''"'
lt_lt_cv_sys_global_symbol_to_c_name_address='"sed -n -e '\''s/^: \\([^ ]*\\) \$/  {\\\"\\1\\\", (lt_ptr) 0},/p'\'' -e '\''s/^[BCDEGRST] \\([^ ]*\\) \\([^ ]*\\)\$/  {\"\\2\", (lt_ptr) \\&\\2},/p'\''"'
lt_lt_cv_sys_global_symbol_to_cdecl='"sed -n -e '\''s/^. .* \\(.*\\)\$/extern int \\1;/p'\''"'

## ----------------- ##
## Output variables. ##
## ----------------- ##

ACLOCAL='${SHELL} /Users/emre/lab/c2rust/examples/robotfindskitten/repo/missing --run aclocal-1.10'
AMDEPBACKSLASH='\'
AMDEP_FALSE='#'
AMDEP_TRUE=''
AMTAR='${SHELL} /Users/emre/lab/c2rust/examples/robotfindskitten/repo/missing --run tar'
AR='ar'
AUTOCONF='${SHELL} /Users/emre/lab/c2rust/examples/robotfindskitten/repo/missing --run autoconf'
AUTOHEADER='${SHELL} /Users/emre/lab/c2rust/examples/robotfindskitten/repo/missing --run autoheader'
AUTOMAKE='${SHELL} /Users/emre/lab/c2rust/examples/robotfindskitten/repo/missing --run automake-1.10'
AWK='awk'
CC='gcc'
CCDEPMODE='depmode=gcc3'
CFLAGS='-g -O2'
CPP='gcc -E'
CPPFLAGS=''
CXX='g++'
CXXCPP='g++ -E'
CXXDEPMODE='depmode=gcc3'
CXXFLAGS='-g -O2'
CYGPATH_W='echo'
DEFS='-DHAVE_CONFIG_H'
DEPDIR='.deps'
ECHO='/usr/local/opt/coreutils/libexec/gnubin/echo'
ECHO_C='ECHO_N=''
ECHO_T=''
EGREP='/usr/bin/grep -E'
EXEEXT=''
F77='gfortran'
FFLAGS='-g -O2'
GREP='/usr/bin/grep'
INSTALL_DATA='${INSTALL} -m 644'
INSTALL_PROGRAM='${INSTALL}'
INSTALL_SCRIPT='${INSTALL}'
INSTALL_STRIP_PROGRAM='$(install_sh) -c -s'
LDFLAGS=''
LIBOBJS=''
LIBS='-lncurses '
LIBTOOL='$(SHELL) $(top_builddir)/libtool'
LN_S='ln -s'
LTLIBOBJS=''
MAKEINFO='${SHELL} /Users/emre/lab/c2rust/examples/robotfindskitten/repo/missing --run makeinfo'
OBJEXT='o'
PACKAGE='robotfindskitten'
PACKAGE_BUGREPORT=''
PACKAGE_NAME=''
PACKAGE_STRING=''
PACKAGE_TARNAME=''
PACKAGE_VERSION=''
PATH_SEPARATOR=':'
RANLIB='ranlib'
SET_MAKE=''
SHELL='/bin/sh'
STRIP='strip'
VERSION='1.7320508.406'
ac_ct_CC='gcc'
ac_ct_CXX='g++'
ac_ct_F77='gfortran'
am__fastdepCC_FALSE='#'
am__fastdepCC_TRUE=''
am__fastdepCXX_FALSE='#'
am__fastdepCXX_TRUE=''
am__include='include'
am__isrc=''
am__leading_dot='.'
am__quote=''
am__tar='${AMTAR} chof - "$$tardir"'
am__untar='${AMTAR} xf -'
bindir='${exec_prefix}/bin'
build='i386-apple-darwin19.6.0'
build_alias=''
build_cpu='i386'
build_os='darwin19.6.0'
build_vendor='apple'
datadir='${datarootdir}'
datarootdir='${prefix}/share'
docdir='${datarootdir}/doc/${PACKAGE}'
dvidir='${docdir}'
exec_prefix='${prefix}'
host='i386-apple-darwin19.6.0'
host_alias=''
host_cpu='i386'
host_os='darwin19.6.0'
host_vendor='apple'
htmldir='${docdir}'
includedir='${prefix}/include'
infodir='${datarootdir}/info'
install_sh='$(SHELL) /Users/emre/lab/c2rust/examples/robotfindskitten/repo/install-sh'
libdir='${exec_prefix}/lib'
libexecdir='${exec_prefix}/libexec'
localedir='${datarootdir}/locale'
localstatedir='${prefix}/var'
mandir='${datarootdir}/man'
mkdir_p='/usr/local/opt/coreutils/libexec/gnubin/mkdir -p'
oldincludedir='/usr/include'
pdfdir='${docdir}'
prefix='/usr/local'
program_transform_name='s,x,x,'
psdir='${docdir}'
sbindir='${exec_prefix}/sbin'
sharedstatedir='${prefix}/com'
sysconfdir='${prefix}/etc'
target_alias=''

## ----------- ##
## confdefs.h. ##
## ----------- ##

#define PACKAGE_NAME ""
#define PACKAGE_TARNAME ""
#define PACKAGE_VERSION ""
#define PACKAGE_STRING ""
#define PACKAGE_BUGREPORT ""
#define PACKAGE "robotfindskitten"
#define VERSION "1.7320508.406"
#define STDC_HEADERS 1
#define HAVE_SYS_TYPES_H 1
#define HAVE_SYS_STAT_H 1
#define HAVE_STDLIB_H 1
#define HAVE_STRING_H 1
#define HAVE_MEMORY_H 1
#define HAVE_STRINGS_H 1
#define HAVE_INTTYPES_H 1
#define HAVE_STDINT_H 1
#define HAVE_UNISTD_H 1
#define HAVE_DLFCN_H 1
#define HAVE_LIBNCURSES 1
#define HAVE_SIGNAL_H 1
#define HAVE_NCURSES_H 1
#define RETSIGTYPE void

configure: exit 0
